<?xml version="1.0" encoding="UTF-8"?>
<testng-results skipped="0" failed="0" ignored="0" total="0" passed="0">
  <reporter-output>
  </reporter-output>
  <suite name="Default suite" duration-ms="12900" started-at="2020-01-27T22:02:30 IST" finished-at="2020-01-27T22:02:43 IST">
    <groups>
    </groups>
    <test name="Default test" duration-ms="12900" started-at="2020-01-27T22:02:30 IST" finished-at="2020-01-27T22:02:43 IST">
      <class name="test.testclass">
        <test-method status="PASS" signature="openBrowser()[pri:0, instance:test.testclass@6ebc05a6]" name="openBrowser" is-config="true" duration-ms="11275" started-at="2020-01-27T22:02:30 IST" finished-at="2020-01-27T22:02:41 IST">
          <reporter-output>
          </reporter-output>
        </test-method> <!-- openBrowser -->
        <test-method status="PASS" signature="closebrowser()[pri:0, instance:test.testclass@6ebc05a6]" name="closebrowser" is-config="true" duration-ms="1" started-at="2020-01-27T22:02:43 IST" finished-at="2020-01-27T22:02:43 IST">
          <reporter-output>
          </reporter-output>
        </test-method> <!-- closebrowser -->
      </class> <!-- test.testclass -->
    </test> <!-- Default test -->
  </suite> <!-- Default suite -->
</testng-results>
